Step: build-step-credential-initializer:

{"level":"warn","ts":1554652670.902259,"logger":"fallback-logger","caller":"logging/config.go:65","msg":"Fetch GitHub commit ID from kodata failed: \"ref: refs/heads/test\" is not a valid GitHub commit ID"}
{"level":"info","ts":1554652670.9029663,"logger":"fallback-logger","caller":"creds-init/main.go:40","msg":"Credentials initialized."}
Step: build-step-git-source-0:

{"level":"warn","ts":1554652673.9312599,"logger":"fallback-logger","caller":"logging/config.go:65","msg":"Fetch GitHub commit ID from kodata failed: \"ref: refs/heads/test\" is not a valid GitHub commit ID"}
{"level":"info","ts":1554652675.2651553,"logger":"fallback-logger","caller":"git-init/main.go:92","msg":"Successfully cloned \"https://github.com/carlossg/croc-hunter-jenkinsx-serverless-2.git\" @ \"d1c6d0f2ddcb36bf5ca71d43d5622c5f63337c4c\" in path \"/workspace\""}
Step: build-step-jenkins:

Picked up _JAVA_OPTIONS: -Xmx400m
Started
Running in Durability level: PERFORMANCE_OPTIMIZED
  19.538 [id=30]	WARNING	i.f.k.c.i.VersionUsageUtils#alert: The client is using resource type 'customresourcedefinitions' with unstable version 'v1beta1'
[Pipeline] Start of Pipeline
[Pipeline] node
Running on Jenkins in /tmp/jenkinsTests.tmp/jenkins887630504533340115test/workspace/job
[Pipeline] {
[Pipeline] stage
[Pipeline] { (Declarative: Checkout SCM)
[Pipeline] checkout
[Pipeline] }
[Pipeline] // stage
[Pipeline] withCredentials
[Pipeline] {
[Pipeline] withEnv
[Pipeline] {
[Pipeline] stage
[Pipeline] { (CI Build and push snapshot)
Stage "CI Build and push snapshot" skipped due to when conditional
[Pipeline] }
[Pipeline] // stage
[Pipeline] stage
[Pipeline] { (Build Release)
[Pipeline] dir
Running in /home/jenkins/go/src/github.com/carlossg/croc-hunter-jenkinsx-serverless
[Pipeline] {
[Pipeline] checkout
[Pipeline] }
[Pipeline] // dir
[Pipeline] dir
Running in /home/jenkins/go/src/github.com/carlossg/croc-hunter-jenkinsx-serverless/charts/croc-hunter-jenkinsx
[Pipeline] {
[Pipeline] sh
+ git config --global credential.helper store
[Pipeline] sh
+ jx step validate --min-jx-version 1.1.73
[Pipeline] sh
+ jx step git credentials
Generated Git credentials file /home/jenkins/git/credentials
[Pipeline] }
[Pipeline] // dir
[Pipeline] dir
Running in /home/jenkins/go/src/github.com/carlossg/croc-hunter-jenkinsx-serverless
[Pipeline] {
[Pipeline] sh
+ jx-release-version
+ echo 0.0.19
[Pipeline] }
[Pipeline] // dir
[Pipeline] dir
Running in /home/jenkins/go/src/github.com/carlossg/croc-hunter-jenkinsx-serverless/charts/croc-hunter-jenkinsx
[Pipeline] {
[Pipeline] sh
+ make tag
sed -i -e "s/version:.*/version: 0.0.19/" Chart.yaml
sed -i -e "s|repository: .*|repository: 10.47.240.112:5000\/carlossg\/croc-hunter-jenkinsx|" values.yaml
sed -i -e "s/tag: .*/tag: 0.0.19/" values.yaml
git add --all
git commit -m "release 0.0.19" --allow-empty # if first release then no verion update is performed
[master 6995836] release 0.0.19
 6 files changed, 11 insertions(+), 3 deletions(-)
 create mode 100644 VERSION
 create mode 100644 charts/croc-hunter-jenkinsx@tmp/durable-78c8ce8b/jenkins-log.txt
 create mode 100644 charts/croc-hunter-jenkinsx@tmp/durable-78c8ce8b/last-location.txt
 create mode 100644 charts/croc-hunter-jenkinsx@tmp/durable-78c8ce8b/script.sh
git tag -fa v0.0.19 -m "Release version 0.0.19"
git push origin v0.0.19
To https://github.com/carlossg/croc-hunter-jenkinsx-serverless-2.git
 * [new tag]         v0.0.19 -> v0.0.19
[Pipeline] }
[Pipeline] // dir
[Pipeline] dir
Running in /home/jenkins/go/src/github.com/carlossg/croc-hunter-jenkinsx-serverless
[Pipeline] {
[Pipeline] sh
+ cat VERSION
+ make VERSION=0.0.19 GIT_COMMIT=d1c6d0f2ddcb36bf5ca71d43d5622c5f63337c4c build
cp skaffold.yaml skaffold.yaml.new
sed -i -e "s/{{.VERSION}}/0.0.19/" skaffold.yaml.new
sed -i -e "s/{{.GIT_COMMIT}}/d1c6d0f2ddcb36bf5ca71d43d5622c5f63337c4c/" skaffold.yaml.new
CGO_ENABLED=0 GO15VENDOREXPERIMENT=1 go build -ldflags '' -o bin/croc-hunter-jenkinsx croc-hunter.go
[Pipeline] sh
+ cat VERSION
+ export VERSION=0.0.19
+ skaffold build -f skaffold.yaml.new
time="2019-04-07T16:00:38Z" level=warning msg="config version (skaffold/v1beta1) out of date: upgrading to latest (skaffold/v1beta6)"
Generating Tag for [changeme]...
Starting build...
Building [changeme]...
Sending build context to Docker daemon  525.8kBSending build context to Docker daemon   6.99MB
Step 1/10 : FROM scratch
 ---> 
Step 2/10 : ARG GIT_SHA
 ---> Running in 7ebb73fcf213
 ---> 094311b0c1e0
Step 3/10 : ARG WORKFLOW_RELEASE
 ---> Running in 26a980669486
 ---> 2bfca776902d
Step 4/10 : ENV GIT_SHA $GIT_SHA
 ---> Running in c055c69725ee
 ---> 121617ec513a
Step 5/10 : ENV WORKFLOW_RELEASE $WORKFLOW_RELEASE
 ---> Running in 982b0d2ce6a5
 ---> 9567980b63c1
Step 6/10 : ENV POWERED_BY Jenkins-X
 ---> Running in 57dc16a84989
 ---> 5714cbd58d2f
Step 7/10 : EXPOSE 8080
 ---> Running in aea3b4ff1b03
 ---> 1a2895386809
Step 8/10 : ENTRYPOINT /croc-hunter-jenkinsx
 ---> Running in a2788679512f
 ---> 63accca9983c
Step 9/10 : COPY ./bin/ /
 ---> 037a65b0ef00
Step 10/10 : COPY static/ static/
 ---> 73ada1f2905f
Successfully built 73ada1f2905f
The push refers to a repository [10.47.240.112:5000/carlossg/croc-hunter-jenkinsx]
49426d7c19f4: Preparing
9d9bee5069c0: Preparing
49426d7c19f4: Pushed
9d9bee5069c0: Pushed
0.0.19: digest: sha256:b8d8995e2fb6a486c74ac7d10e670570f1a97c7788d956633c30dcd41335e27e size: 738
Build complete in 2.274303334s
Starting test...
Test complete in 7.255µs
changeme -> 10.47.240.112:5000/carlossg/croc-hunter-jenkinsx:0.0.19@sha256:b8d8995e2fb6a486c74ac7d10e670570f1a97c7788d956633c30dcd41335e27e
[Pipeline] sh
+ jx step validate --min-jx-version 1.2.36
[Pipeline] sh
+ cat VERSION
+ jx step post build --image 10.47.240.112:5000/carlossg/croc-hunter-jenkinsx:0.0.19
[Pipeline] }
[Pipeline] // dir
[Pipeline] }
[Pipeline] // stage
[Pipeline] stage
[Pipeline] { (Promote to Environments)
[Pipeline] dir
Running in /home/jenkins/go/src/github.com/carlossg/croc-hunter-jenkinsx-serverless/charts/croc-hunter-jenkinsx
[Pipeline] {
[Pipeline] sh
+ cat ../../VERSION
+ jx step changelog --version v0.0.19 --generate-yaml=false
Using batch mode as inside a pipeline
Converted /home/jenkins/go/src/github.com/carlossg/croc-hunter-jenkinsx-serverless/charts/croc-hunter-jenkinsx to an unshallow repository
Generating change log from git ref d1c6d0f2ddcb36bf5ca71d43d5622c5f63337c4c => 6995836973da1cff9a753925852ce663553913ce
Failed to enrich commits with issues: User.jenkins.io "" is invalid: metadata.name: Required value: name or generateName is required
Failed to enrich commits with issues: User.jenkins.io "" is invalid: metadata.name: Required value: name or generateName is required
Finding issues in commit messages using git format
No release found for carlossg/croc-hunter-jenkinsx-serverless-2 and tag v0.0.19 so creating a new release
Updated the release information at https://github.com/carlossg/croc-hunter-jenkinsx-serverless-2/releases/tag/v0.0.19
Created Release croc-hunter-jenkinsx-serverless-2-0-0-19 resource in namespace jx
Updating PipelineActivity carlossg-croc-hunter-jenkinsx-serverless-2-master-5 with version 0.0.19
Updated PipelineActivities carlossg-croc-hunter-jenkinsx-serverless-2-master-5 with release notes URL: https://github.com/carlossg/croc-hunter-jenkinsx-serverless-2/releases/tag/v0.0.19
[Pipeline] sh
+ make release
rm -rf charts
rm -rf croc-hunter-jenkinsx*.tgz
helm dependency build
No requirements found in ./charts.
helm lint
==> Linting .
Lint OK

1 chart(s) linted, no failures
helm init --client-only
Creating /builder/home/.helm 
Creating /builder/home/.helm/repository 
Creating /builder/home/.helm/repository/cache 
Creating /builder/home/.helm/repository/local 
Creating /builder/home/.helm/plugins 
Creating /builder/home/.helm/starters 
Creating /builder/home/.helm/cache/archive 
Creating /builder/home/.helm/repository/repositories.yaml 
Adding stable repo with URL: https://kubernetes-charts.storage.googleapis.com 
Adding local repo with URL: http://127.0.0.1:8879/charts 
$HELM_HOME has been configured at /builder/home/.helm.
Not installing Tiller due to 'client-only' flag having been set
Happy Helming!
helm package .
Successfully packaged chart and saved it to: /home/jenkins/go/src/github.com/carlossg/croc-hunter-jenkinsx-serverless/charts/croc-hunter-jenkinsx/croc-hunter-jenkinsx-0.0.19.tgz
curl --fail -u **** --data-binary "@croc-hunter-jenkinsx-0.0.19.tgz" http://jenkins-x-chartmuseum:8080/api/charts
  % Total    % Received % Xferd  Average Speed   Time    Time     Time  Current
                                 Dload  Upload   Total   Spent    Left  Speed
  0     0    0     0    0     0      0      0 --:--:-- --:--:-- --:--:--     0100  3165  100    14  100  3151   1463   321k --:--:-- --:--:-- --:--:--  341k
{"saved":true}rm -rf croc-hunter-jenkinsx*.tgz%
[Pipeline] sh
+ cat ../../VERSION
+ jx promote -b --all-auto --timeout 1h --version 0.0.19 --no-wait
prow based install so skip waiting for the merge of Pull Requests to go green as currently there is an issue with gettingstatuses from the PR, see https://github.com/jenkins-x/jx/issues/2410
Promoting app croc-hunter-jenkinsx version 0.0.19 to namespace jx-staging
Created Pull Request: https://github.com/carlossg-org/environment-soarerwalnut-staging/pull/6

Pull Request https://github.com/carlossg-org/environment-soarerwalnut-staging/pull/6 is merged at sha 760b9193f7ab4b06a009981d587f96053800fa04
[Pipeline] }
[Pipeline] // dir
[Pipeline] }
[Pipeline] // stage
[Pipeline] }
[Pipeline] // withEnv
[Pipeline] }
[Pipeline] // withCredentials
[Pipeline] }
[Pipeline] // node
[Pipeline] End of Pipeline
