Step: build-step-credential-initializer:

{"level":"warn","ts":1554899417.6186318,"logger":"fallback-logger","caller":"logging/config.go:65","msg":"Fetch GitHub commit ID from kodata failed: \"ref: refs/heads/test\" is not a valid GitHub commit ID"}
{"level":"info","ts":1554899417.6229627,"logger":"fallback-logger","caller":"creds-init/main.go:40","msg":"Credentials initialized."}
Step: build-step-git-source-0:

{"level":"warn","ts":1554899418.7097526,"logger":"fallback-logger","caller":"logging/config.go:65","msg":"Fetch GitHub commit ID from kodata failed: \"ref: refs/heads/test\" is not a valid GitHub commit ID"}
{"level":"info","ts":1554899420.0406463,"logger":"fallback-logger","caller":"git-init/main.go:92","msg":"Successfully cloned \"https://github.com/carlossg/croc-hunter-jenkinsx-serverless-2.git\" @ \"ccdefbc790f430fbead81b2e9c9076d384acac42\" in path \"/workspace\""}
Step: build-step-jenkins:

Picked up _JAVA_OPTIONS: -Xmx400m
Started
Running in Durability level: PERFORMANCE_OPTIMIZED
  20.875 [id=30]	WARNING	i.f.k.c.i.VersionUsageUtils#alert: The client is using resource type 'customresourcedefinitions' with unstable version 'v1beta1'
[Pipeline] Start of Pipeline
[Pipeline] node
Running on Jenkins in /tmp/jenkinsTests.tmp/jenkins1788551483697493016test/workspace/job
[Pipeline] {
[Pipeline] stage
[Pipeline] { (Declarative: Checkout SCM)
[Pipeline] checkout
[Pipeline] }
[Pipeline] // stage
[Pipeline] withCredentials
[Pipeline] {
[Pipeline] withEnv
[Pipeline] {
[Pipeline] stage
[Pipeline] { (CI Build and push snapshot)
Stage "CI Build and push snapshot" skipped due to when conditional
[Pipeline] }
[Pipeline] // stage
[Pipeline] stage
[Pipeline] { (Build Release)
[Pipeline] dir
Running in /home/jenkins/go/src/github.com/carlossg/croc-hunter-jenkinsx-serverless
[Pipeline] {
[Pipeline] checkout
[Pipeline] }
[Pipeline] // dir
[Pipeline] dir
Running in /home/jenkins/go/src/github.com/carlossg/croc-hunter-jenkinsx-serverless/charts/croc-hunter-jenkinsx
[Pipeline] {
[Pipeline] sh
+ git config --global credential.helper store
[Pipeline] sh
+ jx step validate --min-jx-version 1.1.73
[Pipeline] sh
+ jx step git credentials
Generated Git credentials file /home/jenkins/git/credentials
[Pipeline] }
[Pipeline] // dir
[Pipeline] dir
Running in /home/jenkins/go/src/github.com/carlossg/croc-hunter-jenkinsx-serverless
[Pipeline] {
[Pipeline] sh
+ jx-release-version
+ echo 0.0.20
[Pipeline] }
[Pipeline] // dir
[Pipeline] dir
Running in /home/jenkins/go/src/github.com/carlossg/croc-hunter-jenkinsx-serverless/charts/croc-hunter-jenkinsx
[Pipeline] {
[Pipeline] sh
+ make tag
sed -i -e "s/version:.*/version: 0.0.20/" Chart.yaml
sed -i -e "s|repository: .*|repository: 10.47.240.112:5000\/carlossg\/croc-hunter-jenkinsx|" values.yaml
sed -i -e "s/tag: .*/tag: 0.0.20/" values.yaml
git add --all
git commit -m "release 0.0.20" --allow-empty # if first release then no verion update is performed
[master d903a8b] release 0.0.20
 5 files changed, 10 insertions(+), 3 deletions(-)
 create mode 100644 VERSION
 create mode 100644 charts/croc-hunter-jenkinsx@tmp/durable-e6454558/jenkins-log.txt
 create mode 100644 charts/croc-hunter-jenkinsx@tmp/durable-e6454558/script.sh
git tag -fa v0.0.20 -m "Release version 0.0.20"
git push origin v0.0.20
To https://github.com/carlossg/croc-hunter-jenkinsx-serverless-2.git
 * [new tag]         v0.0.20 -> v0.0.20
[Pipeline] }
[Pipeline] // dir
[Pipeline] dir
Running in /home/jenkins/go/src/github.com/carlossg/croc-hunter-jenkinsx-serverless
[Pipeline] {
[Pipeline] sh
+ cat VERSION
+ make VERSION=0.0.20 GIT_COMMIT=ccdefbc790f430fbead81b2e9c9076d384acac42 build
cp skaffold.yaml skaffold.yaml.new
sed -i -e "s/{{.VERSION}}/0.0.20/" skaffold.yaml.new
sed -i -e "s/{{.GIT_COMMIT}}/ccdefbc790f430fbead81b2e9c9076d384acac42/" skaffold.yaml.new
CGO_ENABLED=0 GO15VENDOREXPERIMENT=1 go build -ldflags '' -o bin/croc-hunter-jenkinsx croc-hunter.go
[Pipeline] sh
+ cat VERSION
+ export VERSION=0.0.20
+ skaffold build -f skaffold.yaml.new
time="2019-04-10T12:31:15Z" level=warning msg="config version (skaffold/v1beta1) out of date: upgrading to latest (skaffold/v1beta6)"
Generating Tag for [changeme]...
Starting build...
Building [changeme]...
Sending build context to Docker daemon  525.8kBSending build context to Docker daemon   6.99MB
Step 1/10 : FROM scratch
 ---> 
Step 2/10 : ARG GIT_SHA
 ---> Using cache
 ---> 094311b0c1e0
Step 3/10 : ARG WORKFLOW_RELEASE
 ---> Using cache
 ---> 2bfca776902d
Step 4/10 : ENV GIT_SHA $GIT_SHA
 ---> Running in 7d0370036295
 ---> e0103fbeb463
Step 5/10 : ENV WORKFLOW_RELEASE $WORKFLOW_RELEASE
 ---> Running in 205f13355431
 ---> c7310940bd6c
Step 6/10 : ENV POWERED_BY Jenkins-X
 ---> Running in 0072896ce706
 ---> b44d5dd4edbb
Step 7/10 : EXPOSE 8080
 ---> Running in 63c9045a8078
 ---> 3041c13eecda
Step 8/10 : ENTRYPOINT /croc-hunter-jenkinsx
 ---> Running in 269f4b0b2ba1
 ---> 92015067e4b5
Step 9/10 : COPY ./bin/ /
 ---> a0334415e3cf
Step 10/10 : COPY static/ static/
 ---> 3808e747874c
Successfully built 3808e747874c
The push refers to a repository [10.47.240.112:5000/carlossg/croc-hunter-jenkinsx]
6c61b68454ab: Preparing
4cf9d9fe0ed2: Preparing
6c61b68454ab: Pushed
4cf9d9fe0ed2: Pushed
0.0.20: digest: sha256:2f0a75353d34e93ad4d97025fd8df10864156946859c6a7bff28f950811ec511 size: 738
Build complete in 2.516075831s
Starting test...
Test complete in 5.22µs
changeme -> 10.47.240.112:5000/carlossg/croc-hunter-jenkinsx:0.0.20@sha256:2f0a75353d34e93ad4d97025fd8df10864156946859c6a7bff28f950811ec511
[Pipeline] sh
+ jx step validate --min-jx-version 1.2.36
[Pipeline] sh
+ cat VERSION
+ jx step post build --image 10.47.240.112:5000/carlossg/croc-hunter-jenkinsx:0.0.20
[Pipeline] }
[Pipeline] // dir
[Pipeline] }
[Pipeline] // stage
[Pipeline] stage
[Pipeline] { (Promote to Environments)
[Pipeline] dir
Running in /home/jenkins/go/src/github.com/carlossg/croc-hunter-jenkinsx-serverless/charts/croc-hunter-jenkinsx
[Pipeline] {
[Pipeline] sh
+ cat ../../VERSION
+ jx step changelog --version v0.0.20 --generate-yaml=false
Using batch mode as inside a pipeline
Converted /home/jenkins/go/src/github.com/carlossg/croc-hunter-jenkinsx-serverless/charts/croc-hunter-jenkinsx to an unshallow repository
Generating change log from git ref ccdefbc790f430fbead81b2e9c9076d384acac42 => d903a8b0e808ccc08c3c483d59b4aeae8eebae00
Failed to enrich commits with issues: User.jenkins.io "" is invalid: metadata.name: Required value: name or generateName is required
Failed to enrich commits with issues: User.jenkins.io "" is invalid: metadata.name: Required value: name or generateName is required
Finding issues in commit messages using git format
No release found for carlossg/croc-hunter-jenkinsx-serverless-2 and tag v0.0.20 so creating a new release
Updated the release information at https://github.com/carlossg/croc-hunter-jenkinsx-serverless-2/releases/tag/v0.0.20
Created Release croc-hunter-jenkinsx-serverless-2-0-0-20 resource in namespace jx
Updating PipelineActivity carlossg-croc-hunter-jenkinsx-serverless-2-master-6 with version 0.0.20
Updated PipelineActivities carlossg-croc-hunter-jenkinsx-serverless-2-master-6 with release notes URL: https://github.com/carlossg/croc-hunter-jenkinsx-serverless-2/releases/tag/v0.0.20
[Pipeline] sh
+ make release
rm -rf charts
rm -rf croc-hunter-jenkinsx*.tgz
helm dependency build
No requirements found in ./charts.
helm lint
==> Linting .
Lint OK

1 chart(s) linted, no failures
helm init --client-only
Creating /builder/home/.helm 
Creating /builder/home/.helm/repository 
Creating /builder/home/.helm/repository/cache 
Creating /builder/home/.helm/repository/local 
Creating /builder/home/.helm/plugins 
Creating /builder/home/.helm/starters 
Creating /builder/home/.helm/cache/archive 
Creating /builder/home/.helm/repository/repositories.yaml 
Adding stable repo with URL: https://kubernetes-charts.storage.googleapis.com 
Adding local repo with URL: http://127.0.0.1:8879/charts 
$HELM_HOME has been configured at /builder/home/.helm.
Not installing Tiller due to 'client-only' flag having been set
Happy Helming!
helm package .
Successfully packaged chart and saved it to: /home/jenkins/go/src/github.com/carlossg/croc-hunter-jenkinsx-serverless/charts/croc-hunter-jenkinsx/croc-hunter-jenkinsx-0.0.20.tgz
curl --fail -u **** --data-binary "@croc-hunter-jenkinsx-0.0.20.tgz" http://jenkins-x-chartmuseum:8080/api/charts
  % Total    % Received % Xferd  Average Speed   Time    Time     Time  Current
                                 Dload  Upload   Total   Spent    Left  Speed
  0     0    0     0    0     0      0      0 --:--:-- --:--:-- --:--:--     0100  3157  100    14  100  3143   1501   329k --:--:-- --:--:-- --:--:--  341k
{"saved":true}rm -rf croc-hunter-jenkinsx*.tgz%
[Pipeline] sh
+ cat ../../VERSION
+ jx promote -b --all-auto --timeout 1h --version 0.0.20 --no-wait
prow based install so skip waiting for the merge of Pull Requests to go green as currently there is an issue with gettingstatuses from the PR, see https://github.com/jenkins-x/jx/issues/2410
Promoting app croc-hunter-jenkinsx version 0.0.20 to namespace jx-staging
Created Pull Request: https://github.com/carlossg-org/environment-soarerwalnut-staging/pull/7

Pull Request https://github.com/carlossg-org/environment-soarerwalnut-staging/pull/7 is merged at sha 0b9bda3658967b1e818bbf4c2e31c4e490d46fbc
[Pipeline] }
[Pipeline] // dir
[Pipeline] }
[Pipeline] // stage
[Pipeline] }
[Pipeline] // withEnv
[Pipeline] }
[Pipeline] // withCredentials
[Pipeline] }
[Pipeline] // node
[Pipeline] End of Pipeline
Finished: SUCCESS
