Step: build-step-credential-initializer:

{"level":"warn","ts":1554658788.394899,"logger":"fallback-logger","caller":"logging/config.go:65","msg":"Fetch GitHub commit ID from kodata failed: \"ref: refs/heads/test\" is not a valid GitHub commit ID"}
{"level":"info","ts":1554658788.395554,"logger":"fallback-logger","caller":"creds-init/main.go:40","msg":"Credentials initialized."}
Step: build-step-git-source-0:

{"level":"warn","ts":1554658789.8761666,"logger":"fallback-logger","caller":"logging/config.go:65","msg":"Fetch GitHub commit ID from kodata failed: \"ref: refs/heads/test\" is not a valid GitHub commit ID"}
{"level":"info","ts":1554658791.3175745,"logger":"fallback-logger","caller":"git-init/main.go:92","msg":"Successfully cloned \"https://github.com/carlossg/croc-hunter-jenkinsx-serverless-2.git\" @ \"dc8a29132d3db6ccfb34e877d3e76290a8ba7ee0\" in path \"/workspace\""}
Step: build-step-jenkins:

Picked up _JAVA_OPTIONS: -Xmx400m
Started
Running in Durability level: PERFORMANCE_OPTIMIZED
  23.045 [id=30]	WARNING	i.f.k.c.i.VersionUsageUtils#alert: The client is using resource type 'customresourcedefinitions' with unstable version 'v1beta1'
[Pipeline] Start of Pipeline
[Pipeline] node
Running on Jenkins in /tmp/jenkinsTests.tmp/jenkins2360870356914873989test/workspace/job
[Pipeline] {
[Pipeline] stage
[Pipeline] { (Declarative: Checkout SCM)
[Pipeline] checkout
[Pipeline] }
[Pipeline] // stage
[Pipeline] withCredentials
[Pipeline] {
[Pipeline] withEnv
[Pipeline] {
[Pipeline] stage
[Pipeline] { (CI Build and push snapshot)
[Pipeline] withEnv
[Pipeline] {
[Pipeline] dir
Running in /home/jenkins/go/src/github.com/carlossg/croc-hunter-jenkinsx-serverless
[Pipeline] {
[Pipeline] checkout
[Pipeline] sh
+ make VERSION=0.0.0-SNAPSHOT-PR-11-3 GIT_COMMIT=dc8a29132d3db6ccfb34e877d3e76290a8ba7ee0 linux
cp skaffold.yaml skaffold.yaml.new
sed -i -e "s/{{.VERSION}}/0.0.0-SNAPSHOT-PR-11-3/" skaffold.yaml.new
sed -i -e "s/{{.GIT_COMMIT}}/dc8a29132d3db6ccfb34e877d3e76290a8ba7ee0/" skaffold.yaml.new
CGO_ENABLED=0 GOOS=linux GOARCH=amd64 GO15VENDOREXPERIMENT=1 go build -ldflags '' -o bin/croc-hunter-jenkinsx croc-hunter.go
[Pipeline] sh
+ export VERSION=0.0.0-SNAPSHOT-PR-11-3
+ skaffold build -f skaffold.yaml.new
time="2019-04-07T17:40:41Z" level=warning msg="config version (skaffold/v1beta1) out of date: upgrading to latest (skaffold/v1beta6)"
Generating Tag for [changeme]...
Starting build...
Building [changeme]...
Sending build context to Docker daemon  525.8kBSending build context to Docker daemon   6.99MB
Step 1/10 : FROM scratch
 ---> 
Step 2/10 : ARG GIT_SHA
 ---> Using cache
 ---> 094311b0c1e0
Step 3/10 : ARG WORKFLOW_RELEASE
 ---> Using cache
 ---> 2bfca776902d
Step 4/10 : ENV GIT_SHA $GIT_SHA
 ---> Running in 08ce07d428e8
 ---> 5056676f7d3f
Step 5/10 : ENV WORKFLOW_RELEASE $WORKFLOW_RELEASE
 ---> Running in 3e3e493cf689
 ---> 0279e90fde18
Step 6/10 : ENV POWERED_BY Jenkins-X
 ---> Running in 6ab6601ac9c7
 ---> 6b10c0e85401
Step 7/10 : EXPOSE 8080
 ---> Running in a4974d2e1ef4
 ---> d201313ac5e0
Step 8/10 : ENTRYPOINT /croc-hunter-jenkinsx
 ---> Running in 36b413a22997
 ---> a21a6e45b52c
Step 9/10 : COPY ./bin/ /
 ---> 37c3e229de89
Step 10/10 : COPY static/ static/
 ---> f3e2e5a8340e
Successfully built f3e2e5a8340e
The push refers to a repository [10.47.240.112:5000/carlossg/croc-hunter-jenkinsx]
7d89a0c39f4b: Preparing
2d2691e07a94: Preparing
7d89a0c39f4b: Pushed
2d2691e07a94: Pushed
0.0.0-SNAPSHOT-PR-11-3: digest: sha256:d7f794b719e0f23e24737daf40177af6e789cad3c7e20f43d5a37f55918dadfb size: 738
Build complete in 2.485520895s
Starting test...
Test complete in 6.42µs
changeme -> 10.47.240.112:5000/carlossg/croc-hunter-jenkinsx:0.0.0-SNAPSHOT-PR-11-3@sha256:d7f794b719e0f23e24737daf40177af6e789cad3c7e20f43d5a37f55918dadfb
[Pipeline] sh
+ jx step validate --min-jx-version 1.2.36
[Pipeline] sh
+ jx step post build --image 10.47.240.112:5000/carlossg/croc-hunter-jenkinsx:0.0.0-SNAPSHOT-PR-11-3
[Pipeline] }
[Pipeline] // dir
[Pipeline] dir
Running in /home/jenkins/go/src/github.com/carlossg/croc-hunter-jenkinsx-serverless/charts/preview
[Pipeline] {
[Pipeline] sh
+ make preview
sed -i -e "s/version:.*/version: 0.0.0-SNAPSHOT-PR-11-3/" Chart.yaml
sed -i -e "s/version:.*/version: 0.0.0-SNAPSHOT-PR-11-3/" ../*/Chart.yaml
sed -i -e "s|repository: .*|repository: 10.47.240.112:5000\/carlossg\/golang-http|" values.yaml
sed -i -e "s/tag: .*/tag: 0.0.0-SNAPSHOT-PR-11-3/" values.yaml
echo "  version: 0.0.0-SNAPSHOT-PR-11-3" >> requirements.yaml
jx step helm build
No $CHART_REPOSITORY defined so using the default value of: http://jenkins-x-chartmuseum:8080
Adding missing Helm repo: jenkins-x http://chartmuseum.jenkins-x.io
Successfully added Helm repository jenkins-x.
Adding missing Helm repo: releases http://jenkins-x-chartmuseum:8080
Successfully added Helm repository releases.
Adding missing Helm repo: repo5 https://chartmuseum.build.cd.jenkins-x.io
Successfully added Helm repository repo5.
[Pipeline] sh
+ jx preview --app croc-hunter-jenkinsx --dir ../..
Creating a preview
Commit author email is empty for: 8dbc59ba0df1ccba0acfc4aed6912af8585a30fb
Looking for commits in: /home/jenkins/go/src/github.com/carlossg/croc-hunter-jenkinsx-serverless/
Commit not found: 8dbc59ba0df1ccba0acfc4aed6912af8585a30fb
Commit author email is empty for: 094001b84ccb2e81374a1d3d82cb841005f40494
Looking for commits in: /home/jenkins/go/src/github.com/carlossg/croc-hunter-jenkinsx-serverless/
Commit not found: 094001b84ccb2e81374a1d3d82cb841005f40494
Commit author email is empty for: dc8a29132d3db6ccfb34e877d3e76290a8ba7ee0
Looking for commits in: /home/jenkins/go/src/github.com/carlossg/croc-hunter-jenkinsx-serverless/
Found commit author match for: carlossg with email address: carlos@apache.org
expose:
  Annotations:
    helm.sh/hook: post-install,post-upgrade
    helm.sh/hook-delete-policy: hook-succeeded
  config:
    domain: eu.g.csanchez.org
    exposer: Ingress
    http: "true"
preview:
  image:
    repository: 10.47.240.112:5000/carlossg/croc-hunter-jenkinsx
    tag: 0.0.0-SNAPSHOT-PR-11-3
Failed to update PipelineActivities carlossg-croc-hunter-jenkinsx-serverless-2-pr-11-3: the namespace of the object (jx-carlossg-croc-hunter-jenkinsx-serverless-2-pr-11) does not match the namespace on the request (jx)
Preview application is now available at: http://croc-hunter-jenkinsx.jx-carlossg-croc-hunter-jenkinsx-serverless-2-pr-11.eu.g.csanchez.org

[Pipeline] }
[Pipeline] // dir
[Pipeline] }
[Pipeline] // withEnv
[Pipeline] }
[Pipeline] // stage
[Pipeline] stage
[Pipeline] { (Build Release)
Stage "Build Release" skipped due to when conditional
[Pipeline] }
[Pipeline] // stage
[Pipeline] stage
[Pipeline] { (Promote to Environments)
Stage "Promote to Environments" skipped due to when conditional
[Pipeline] }
[Pipeline] // stage
[Pipeline] }
[Pipeline] // withEnv
[Pipeline] }
[Pipeline] // withCredentials
[Pipeline] }
[Pipeline] // node
[Pipeline] End of Pipeline
Finished: SUCCESS
